# JRE version: Java(TM) SE Runtime Environment (8.0_191-b12) (build 1.8.0_191-b12)
# Java VM: Java HotSpot(TM) 64-Bit Server VM (25.191-b12 mixed mode windows-amd64 compressed oops)
Heap:
 PSYoungGen      total 138240K, used 55600K [0x00000000f5580000, 0x0000000100000000, 0x0000000100000000)
  eden space 127488K, 36% used [0x00000000f5580000,0x00000000f82dbb60,0x00000000fd200000)
  from space 10752K, 85% used [0x00000000fd200000,0x00000000fdaf04a0,0x00000000fdc80000)
  to   space 10240K, 0% used [0x00000000ff600000,0x00000000ff600000,0x0000000100000000)
 ParOldGen       total 89088K, used 5876K [0x00000000e0000000, 0x00000000e5700000, 0x00000000f5580000)
  object space 89088K, 6% used [0x00000000e0000000,0x00000000e05bd128,0x00000000e5700000)
 Metaspace       used 30943K, capacity 33540K, committed 33664K, reserved 1079296K
  class space    used 4170K, capacity 4656K, committed 4736K, reserved 1048576K
GC Heap History (10 events):
Event: 2.505 GC heap before
{Heap before GC invocations=2 (full 0):
 PSYoungGen      total 76288K, used 73574K [0x00000000f5580000, 0x00000000faa80000, 0x0000000100000000)
  eden space 65536K, 100% used [0x00000000f5580000,0x00000000f9580000,0x00000000f9580000)
  from space 10752K, 74% used [0x00000000f9580000,0x00000000f9d59bd0,0x00000000fa000000)
  to   space 10752K, 0% used [0x00000000fa000000,0x00000000fa000000,0x00000000faa80000)
 ParOldGen       total 175104K, used 16K [0x00000000e0000000, 0x00000000eab00000, 0x00000000f5580000)
  object space 175104K, 0% used [0x00000000e0000000,0x00000000e0004000,0x00000000eab00000)
 Metaspace       used 18638K, capacity 20076K, committed 20224K, reserved 1067008K
  class space    used 2527K, capacity 2814K, committed 2816K, reserved 1048576K
Event: 2.514 GC heap after
Heap after GC invocations=2 (full 0):
 PSYoungGen      total 76288K, used 8765K [0x00000000f5580000, 0x00000000faa80000, 0x0000000100000000)
  eden space 65536K, 0% used [0x00000000f5580000,0x00000000f5580000,0x00000000f9580000)
  from space 10752K, 81% used [0x00000000fa000000,0x00000000fa88f718,0x00000000faa80000)
  to   space 10752K, 0% used [0x00000000f9580000,0x00000000f9580000,0x00000000fa000000)
 ParOldGen       total 175104K, used 24K [0x00000000e0000000, 0x00000000eab00000, 0x00000000f5580000)
  object space 175104K, 0% used [0x00000000e0000000,0x00000000e0006000,0x00000000eab00000)
 Metaspace       used 18638K, capacity 20076K, committed 20224K, reserved 1067008K
  class space    used 2527K, capacity 2814K, committed 2816K, reserved 1048576K
}
Event: 2.566 GC heap before
{Heap before GC invocations=3 (full 0):
 PSYoungGen      total 76288K, used 17463K [0x00000000f5580000, 0x00000000faa80000, 0x0000000100000000)
  eden space 65536K, 13% used [0x00000000f5580000,0x00000000f5dfe700,0x00000000f9580000)
  from space 10752K, 81% used [0x00000000fa000000,0x00000000fa88f718,0x00000000faa80000)
  to   space 10752K, 0% used [0x00000000f9580000,0x00000000f9580000,0x00000000fa000000)
 ParOldGen       total 175104K, used 24K [0x00000000e0000000, 0x00000000eab00000, 0x00000000f5580000)
  object space 175104K, 0% used [0x00000000e0000000,0x00000000e0006000,0x00000000eab00000)
 Metaspace       used 19642K, capacity 21084K, committed 21248K, reserved 1067008K
  class space    used 2646K, capacity 2956K, committed 3072K, reserved 1048576K
Event: 2.571 GC heap after
Heap after GC invocations=3 (full 0):
 PSYoungGen      total 76288K, used 5999K [0x00000000f5580000, 0x00000000fea80000, 0x0000000100000000)
  eden space 65536K, 0% used [0x00000000f5580000,0x00000000f5580000,0x00000000f9580000)
  from space 10752K, 55% used [0x00000000f9580000,0x00000000f9b5bc10,0x00000000fa000000)
  to   space 10752K, 0% used [0x00000000fe000000,0x00000000fe000000,0x00000000fea80000)
 ParOldGen       total 175104K, used 32K [0x00000000e0000000, 0x00000000eab00000, 0x00000000f5580000)
  object space 175104K, 0% used [0x00000000e0000000,0x00000000e0008000,0x00000000eab00000)
 Metaspace       used 19642K, capacity 21084K, committed 21248K, reserved 1067008K
  class space    used 2646K, capacity 2956K, committed 3072K, reserved 1048576K
}
Event: 2.571 GC heap before
{Heap before GC invocations=4 (full 1):
 PSYoungGen      total 76288K, used 5999K [0x00000000f5580000, 0x00000000fea80000, 0x0000000100000000)
  eden space 65536K, 0% used [0x00000000f5580000,0x00000000f5580000,0x00000000f9580000)
  from space 10752K, 55% used [0x00000000f9580000,0x00000000f9b5bc10,0x00000000fa000000)
  to   space 10752K, 0% used [0x00000000fe000000,0x00000000fe000000,0x00000000fea80000)
 ParOldGen       total 175104K, used 32K [0x00000000e0000000, 0x00000000eab00000, 0x00000000f5580000)
  object space 175104K, 0% used [0x00000000e0000000,0x00000000e0008000,0x00000000eab00000)
 Metaspace       used 19642K, capacity 21084K, committed 21248K, reserved 1067008K
  class space    used 2646K, capacity 2956K, committed 3072K, reserved 1048576K
Event: 2.597 GC heap after
Heap after GC invocations=4 (full 1):
 PSYoungGen      total 76288K, used 0K [0x00000000f5580000, 0x00000000fea80000, 0x0000000100000000)
  eden space 65536K, 0% used [0x00000000f5580000,0x00000000f5580000,0x00000000f9580000)
  from space 10752K, 0% used [0x00000000f9580000,0x00000000f9580000,0x00000000fa000000)
  to   space 10752K, 0% used [0x00000000fe000000,0x00000000fe000000,0x00000000fea80000)
 ParOldGen       total 89088K, used 5860K [0x00000000e0000000, 0x00000000e5700000, 0x00000000f5580000)
  object space 89088K, 6% used [0x00000000e0000000,0x00000000e05b9128,0x00000000e5700000)
 Metaspace       used 19642K, capacity 21084K, committed 21248K, reserved 1067008K
  class space    used 2646K, capacity 2956K, committed 3072K, reserved 1048576K
}
Event: 3.031 GC heap before
{Heap before GC invocations=5 (full 1):
 PSYoungGen      total 76288K, used 65536K [0x00000000f5580000, 0x00000000fea80000, 0x0000000100000000)
  eden space 65536K, 100% used [0x00000000f5580000,0x00000000f9580000,0x00000000f9580000)
  from space 10752K, 0% used [0x00000000f9580000,0x00000000f9580000,0x00000000fa000000)
  to   space 10752K, 0% used [0x00000000fe000000,0x00000000fe000000,0x00000000fea80000)
 ParOldGen       total 89088K, used 5860K [0x00000000e0000000, 0x00000000e5700000, 0x00000000f5580000)
  object space 89088K, 6% used [0x00000000e0000000,0x00000000e05b9128,0x00000000e5700000)
 Metaspace       used 24574K, capacity 26248K, committed 26496K, reserved 1073152K
  class space    used 3304K, capacity 3632K, committed 3712K, reserved 1048576K
Event: 3.037 GC heap after
Heap after GC invocations=5 (full 1):
 PSYoungGen      total 119296K, used 7121K [0x00000000f5580000, 0x00000000fe700000, 0x0000000100000000)
  eden space 112128K, 0% used [0x00000000f5580000,0x00000000f5580000,0x00000000fc300000)
  from space 7168K, 99% used [0x00000000fe000000,0x00000000fe6f4478,0x00000000fe700000)
  to   space 10752K, 0% used [0x00000000fd200000,0x00000000fd200000,0x00000000fdc80000)
 ParOldGen       total 89088K, used 5868K [0x00000000e0000000, 0x00000000e5700000, 0x00000000f5580000)
  object space 89088K, 6% used [0x00000000e0000000,0x00000000e05bb128,0x00000000e5700000)
 Metaspace       used 24574K, capacity 26248K, committed 26496K, reserved 1073152K
  class space    used 3304K, capacity 3632K, committed 3712K, reserved 1048576K
}
Event: 4.277 GC heap before
{Heap before GC invocations=6 (full 1):
 PSYoungGen      total 119296K, used 119249K [0x00000000f5580000, 0x00000000fe700000, 0x0000000100000000)
  eden space 112128K, 100% used [0x00000000f5580000,0x00000000fc300000,0x00000000fc300000)
  from space 7168K, 99% used [0x00000000fe000000,0x00000000fe6f4478,0x00000000fe700000)
  to   space 10752K, 0% used [0x00000000fd200000,0x00000000fd200000,0x00000000fdc80000)
 ParOldGen       total 89088K, used 5868K [0x00000000e0000000, 0x00000000e5700000, 0x00000000f5580000)
  object space 89088K, 6% used [0x00000000e0000000,0x00000000e05bb128,0x00000000e5700000)
 Metaspace       used 29526K, capacity 31944K, committed 32128K, reserved 1077248K
  class space    used 3979K, capacity 4418K, committed 4480K, reserved 1048576K
Event: 4.288 GC heap after
Heap after GC invocations=6 (full 1):
 PSYoungGen      total 138240K, used 9153K [0x00000000f5580000, 0x0000000100000000, 0x0000000100000000)
  eden space 127488K, 0% used [0x00000000f5580000,0x00000000f5580000,0x00000000fd200000)
  from space 10752K, 85% used [0x00000000fd200000,0x00000000fdaf04a0,0x00000000fdc80000)
  to   space 10240K, 0% used [0x00000000ff600000,0x00000000ff600000,0x0000000100000000)
 ParOldGen       total 89088K, used 5876K [0x00000000e0000000, 0x00000000e5700000, 0x00000000f5580000)
  object space 89088K, 6% used [0x00000000e0000000,0x00000000e05bd128,0x00000000e5700000)
 Metaspace       used 29526K, capacity 31944K, committed 32128K, reserved 1077248K
  class space    used 3979K, capacity 4418K, committed 4480K, reserved 1048576K
}

